<?xml version="1.0" encoding="UTF-8"?>
<!-- Generated by org.testng.reporters.JUnitXMLReporter -->
<testsuite hostname="A2ML38502" ignored="2" name="Default test" tests="1" failures="0" timestamp="2020-05-09T16:58:48 IST" time="8.366" errors="0">
  <testcase name="Register_NewUser" time="8.311" classname="com.mcafee.testcase.RegisterNewUser"/>
  <testcase name="@AfterSuite tearDown" time="0.0" classname="com.mcafee.base.TestBase">
    <ignored/>
  </testcase> <!-- @AfterSuite tearDown -->
  <testcase name="@BeforeSuite setUp" time="0.0" classname="com.mcafee.base.TestBase">
    <ignored/>
  </testcase> <!-- @BeforeSuite setUp -->
</testsuite> <!-- Default test -->
